[dotenv@17.2.3] injecting env (18) from .env -- tip: ✅ audit secrets and track compliance: https://dotenvx.com/ops
[dotenv@17.2.3] injecting env (0) from .env -- tip: 🔐 encrypt with Dotenvx: https://dotenvx.com
✅ Google OAuth configured
📍 Callback URL: https://tenurial-subemarginate-fay.ngrok-free.dev/auth/google/callback
✅ Google OAuth routes configured
🚀 Running initial trial expiration check...
🔍 Checking for trial expirations...
Server running on http://localhost:3000
Error processing site harbor-bistro: Error: ENOENT: no such file or directory, open '/Users/admin/active-directory-website/public/sites/harbor-bistro/site.json'
    at async open (node:internal/fs/promises:640:25)
    at async Object.readFile (node:internal/fs/promises:1277:14)
    at async checkTrialExpirations (file:///Users/admin/active-directory-website/server.js:4493:37) {
  errno: -2,
  code: 'ENOENT',
  syscall: 'open',
  path: '/Users/admin/active-directory-website/public/sites/harbor-bistro/site.json'
}
Error processing site my-site: Error: ENOENT: no such file or directory, open '/Users/admin/active-directory-website/public/sites/my-site/site.json'
    at async open (node:internal/fs/promises:640:25)
    at async Object.readFile (node:internal/fs/promises:1277:14)
    at async checkTrialExpirations (file:///Users/admin/active-directory-website/server.js:4493:37) {
  errno: -2,
  code: 'ENOENT',
  syscall: 'open',
  path: '/Users/admin/active-directory-website/public/sites/my-site/site.json'
}
Error processing site my-site-0d787wo6w: Error: ENOENT: no such file or directory, open '/Users/admin/active-directory-website/public/sites/my-site-0d787wo6w/site.json'
    at async open (node:internal/fs/promises:640:25)
    at async Object.readFile (node:internal/fs/promises:1277:14)
    at async checkTrialExpirations (file:///Users/admin/active-directory-website/server.js:4493:37) {
  errno: -2,
  code: 'ENOENT',
  syscall: 'open',
  path: '/Users/admin/active-directory-website/public/sites/my-site-0d787wo6w/site.json'
}
Error processing site sparkle-home-cleaning: Error: ENOENT: no such file or directory, open '/Users/admin/active-directory-website/public/sites/sparkle-home-cleaning/site.json'
    at async open (node:internal/fs/promises:640:25)
    at async Object.readFile (node:internal/fs/promises:1277:14)
    at async checkTrialExpirations (file:///Users/admin/active-directory-website/server.js:4493:37) {
  errno: -2,
  code: 'ENOENT',
  syscall: 'open',
  path: '/Users/admin/active-directory-website/public/sites/sparkle-home-cleaning/site.json'
}
Error processing site the-grand-table: Error: ENOENT: no such file or directory, open '/Users/admin/active-directory-website/public/sites/the-grand-table/site.json'
    at async open (node:internal/fs/promises:640:25)
    at async Object.readFile (node:internal/fs/promises:1277:14)
    at async checkTrialExpirations (file:///Users/admin/active-directory-website/server.js:4493:37) {
  errno: -2,
  code: 'ENOENT',
  syscall: 'open',
  path: '/Users/admin/active-directory-website/public/sites/the-grand-table/site.json'
}
✅ Trial expiration check complete
✅ Database connected successfully
Query executed: { text: 'SELECT NOW()', duration: 204, rows: 1 }
✅ Database connection test successful: { now: 2025-11-04T11:47:28.940Z }
